2022-12-18 18:11:10	info	bluebell/main.go:75	Shutdown Server...
2022-12-18 18:11:10	info	bluebell/main.go:83	Server exiting...
2022-12-18 19:14:23	info	api/user.go:24	user : register success
2022-12-18 19:14:23	info	logger/logger.go:94	/register	{"status": 200, "Method": "POST", "path": "/register", "query": "username=zhangsan&password=123456&re_password=123456&email=154646@qq.com&gender=1", "ip": "::1", "user-agent": "PostmanRuntime/7.29.0", "error": "", "cost": 0.0063068}
2022-12-18 19:15:40	info	api/user.go:24	user : register success
2022-12-18 19:15:40	info	logger/logger.go:94	/register	{"status": 200, "Method": "POST", "path": "/register", "query": "username=zhangsan&password=123456&re_password=123456&email=154646@qq.com", "ip": "::1", "user-agent": "PostmanRuntime/7.29.0", "error": "", "cost": 0.0004798}
2022-12-18 20:26:13	info	bluebell/main.go:75	Shutdown Server...
2022-12-18 20:26:13	info	bluebell/main.go:83	Server exiting...
2022-12-18 20:26:25	info	api/user.go:24	user : register success
2022-12-18 20:26:25	info	logger/logger.go:94	/register	{"status": 400, "Method": "POST", "path": "/register", "query": "username=zhangsan&password=123456&re_password=123456&email=154646@qq.com&gender=1", "ip": "::1", "user-agent": "PostmanRuntime/7.29.0", "error": "", "cost": 0.0069292}
2022-12-18 20:30:26	info	api/user.go:24	user : register success
2022-12-18 20:30:26	info	logger/logger.go:94	/register	{"status": 400, "Method": "POST", "path": "/register", "query": "username=zhangsan&password=123456&re_password=123456&email=154646@qq.com&gender=1", "ip": "::1", "user-agent": "PostmanRuntime/7.29.0", "error": "", "cost": 0.0006008}
2022-12-18 20:35:42	info	bluebell/main.go:75	Shutdown Server...
2022-12-18 20:35:42	info	bluebell/main.go:83	Server exiting...
2022-12-18 20:36:32	info	logger/logger.go:94	/register	{"status": 400, "Method": "POST", "path": "/register", "query": "username=%E2%80%9Czhangsan%E2%80%9D&password=%22123456%22&re_password=%22123456%22&email=%22154646@qq.com%22&gender=1", "ip": "::1", "user-agent": "PostmanRuntime/7.29.0", "error": "", "cost": 0}
2022-12-18 20:39:41	info	bluebell/main.go:75	Shutdown Server...
2022-12-18 20:39:41	info	bluebell/main.go:83	Server exiting...
2022-12-18 20:39:46	info	api/user.go:28	user : register success
2022-12-18 20:39:46	info	logger/logger.go:94	/register	{"status": 200, "Method": "POST", "path": "/register", "query": "username=zhangsan&password=123456&re_password=123456&email=154646@qq.com&gender=1", "ip": "::1", "user-agent": "PostmanRuntime/7.29.0", "error": "", "cost": 0.0077335}
2022-12-18 20:40:36	info	bluebell/main.go:75	Shutdown Server...
2022-12-18 20:40:36	info	bluebell/main.go:83	Server exiting...
2022-12-18 20:40:44	info	logger/logger.go:94	/register	{"status": 400, "Method": "POST", "path": "/register", "query": "username=zhangsan&password=123456&re_password=123456&email=154646@qq.com&gender=1", "ip": "::1", "user-agent": "PostmanRuntime/7.29.0", "error": "", "cost": 0.0005265}
2022-12-18 20:44:39	info	bluebell/main.go:75	Shutdown Server...
2022-12-18 20:44:39	info	bluebell/main.go:83	Server exiting...
2022-12-18 20:44:44	info	logger/logger.go:94	/register	{"status": 400, "Method": "POST", "path": "/register", "query": "username=zhangsan&password=123456&re_password=123456&email=154646@qq.com&gender=1", "ip": "::1", "user-agent": "PostmanRuntime/7.29.0", "error": "", "cost": 0}
2022-12-18 20:45:00	info	logger/logger.go:94	/register	{"status": 400, "Method": "POST", "path": "/register", "query": "username=zhangsan&password=123456&re_password=123456&email=154646@qq.com&gender=1", "ip": "::1", "user-agent": "PostmanRuntime/7.29.0", "error": "", "cost": 0.000549}
2022-12-18 20:45:24	info	bluebell/main.go:75	Shutdown Server...
2022-12-18 20:45:24	info	bluebell/main.go:83	Server exiting...
2022-12-18 20:45:29	info	logger/logger.go:94	/register	{"status": 400, "Method": "POST", "path": "/register", "query": "username=zhangsan&password=123456&re_password=123456&email=154646@qq.com&gender=1", "ip": "::1", "user-agent": "PostmanRuntime/7.29.0", "error": "", "cost": 0.0003904}
2022-12-18 20:45:41	info	bluebell/main.go:75	Shutdown Server...
2022-12-18 20:45:41	info	bluebell/main.go:83	Server exiting...
2022-12-18 20:45:47	info	logger/logger.go:94	/register	{"status": 400, "Method": "POST", "path": "/register", "query": "username=zhangsan&password=123456&re_password=123456&email=154646@qq.com&gender=1", "ip": "::1", "user-agent": "PostmanRuntime/7.29.0", "error": "", "cost": 0}
2022-12-18 20:49:40	info	bluebell/main.go:75	Shutdown Server...
2022-12-18 20:49:40	info	bluebell/main.go:83	Server exiting...
2022-12-18 20:49:44	info	logger/logger.go:94	/register	{"status": 400, "Method": "POST", "path": "/register", "query": "username=zhangsan&password=123456&re_password=123456&email=154646@qq.com&gender=1", "ip": "::1", "user-agent": "PostmanRuntime/7.29.0", "error": "", "cost": 0.0000092}
2022-12-18 20:55:48	info	bluebell/main.go:75	Shutdown Server...
2022-12-18 20:55:48	info	bluebell/main.go:83	Server exiting...
2022-12-18 20:55:54	info	logger/logger.go:94	/register	{"status": 200, "Method": "POST", "path": "/register", "query": "username=zhangsan&password=123456&re_password=123456&email=154646@qq.com&gender=1", "ip": "::1", "user-agent": "PostmanRuntime/7.29.0", "error": "", "cost": 0.0077478}
2022-12-18 21:20:20	info	bluebell/main.go:75	Shutdown Server...
2022-12-18 21:20:20	info	bluebell/main.go:83	Server exiting...
2022-12-18 21:58:46	error	mysql/user.go:16	checkUsername get method is failed	{"error": "scannable dest type int with >1 columns (8) in result"}
2022-12-18 21:58:46	info	logger/logger.go:94	/register	{"status": 400, "Method": "POST", "path": "/register", "query": "username=zhangsan&password=123456&re_password=123456&email=154646@qq.com&gender=1", "ip": "::1", "user-agent": "PostmanRuntime/7.29.0", "error": "", "cost": 0.0085157}
2022-12-18 22:01:45	info	bluebell/main.go:75	Shutdown Server...
2022-12-18 22:01:45	info	bluebell/main.go:83	Server exiting...
2022-12-18 22:02:36	error	mysql/user.go:16	checkUsername get method is failed	{"error": "scannable dest type int with >1 columns (8) in result"}
2022-12-18 22:04:15	info	logger/logger.go:94	/register	{"status": 500, "Method": "POST", "path": "/register", "query": "username=zhangsan&password=123456&re_password=123456&email=154646@qq.com&gender=1", "ip": "::1", "user-agent": "PostmanRuntime/7.29.0", "error": "", "cost": 113.1316335}
2022-12-18 22:09:23	error	mysql/user.go:16	checkUsername get method is failed	{"error": "missing destination name id in *models.User"}
2022-12-18 22:09:29	info	logger/logger.go:94	/register	{"status": 500, "Method": "POST", "path": "/register", "query": "username=zhangsan&password=123456&re_password=123456&email=154646@qq.com&gender=1", "ip": "::1", "user-agent": "PostmanRuntime/7.29.0", "error": "", "cost": 39.179713}
2022-12-18 22:16:55	info	logger/logger.go:94	/register	{"status": 200, "Method": "POST", "path": "/register", "query": "username=zhangsan&password=123456&re_password=123456&email=154646@qq.com&gender=1", "ip": "::1", "user-agent": "PostmanRuntime/7.29.0", "error": "", "cost": 84.5376012}
2022-12-18 22:44:20	info	bluebell/main.go:75	Shutdown Server...
2022-12-18 22:44:20	info	bluebell/main.go:83	Server exiting...
2022-12-18 22:44:42	info	logger/logger.go:105	/register	{"status": 500, "Method": "POST", "path": "/register", "query": "username=zhangsan&password=123456&re_password=123456&email=154646@qq.com&gender=1", "ip": "::1", "user-agent": "PostmanRuntime/7.29.0", "error": "", "cost": 0.0022948}
2022-12-18 22:48:17	info	bluebell/main.go:75	Shutdown Server...
2022-12-18 22:48:17	info	bluebell/main.go:83	Server exiting...
2022-12-18 22:48:23	error	mysql/user.go:24	checkUsername is err
2022-12-18 22:48:23	debug	logger/logger.go:105	/register	{"status": 500, "Method": "POST", "path": "/register", "query": "username=zhangsan&password=123456&re_password=123456&email=154646@qq.com&gender=1", "ip": "::1", "user-agent": "PostmanRuntime/7.29.0", "error": "", "cost": 0.0076407}
2022-12-18 22:50:11	info	bluebell/main.go:75	Shutdown Server...
2022-12-18 22:50:11	info	bluebell/main.go:83	Server exiting...
2022-12-18 22:52:42	info	bluebell/main.go:75	Shutdown Server...
2022-12-18 22:52:42	info	bluebell/main.go:83	Server exiting...
2022-12-18 22:52:50	debug	logger/logger.go:109	/register	{"status": 500, "Method": "POST", "path": "/register", "query": "username=zhangsan&password=123456&re_password=123456&email=154646@qq.com&gender=1", "ip": "::1", "user-agent": "PostmanRuntime/7.29.0", "error": "", "cost": 0.0008148}
2022-12-18 22:55:05	info	bluebell/main.go:75	Shutdown Server...
2022-12-18 22:55:05	info	bluebell/main.go:83	Server exiting...
2022-12-18 23:03:02	info	bluebell/main.go:75	Shutdown Server...
2022-12-18 23:03:02	info	bluebell/main.go:83	Server exiting...
2022-12-19 19:58:34	error	api/user.go:37	register params is not illegal	{"error": "Key: 'LoginService.username' Error:Field validation for 'username' failed on the 'required' tag\nKey: 'LoginService.password' Error:Field validation for 'password' failed on the 'required' tag"}
2022-12-19 19:58:34	debug	logger/logger.go:113	/user/login	{"status": 400, "Method": "POST", "query": "username=zhangsan&password=12345", "ip": "::1", "user-agent": "PostmanRuntime/7.29.0", "error": "", "cost": 0.0067278}
2022-12-19 19:59:48	info	bluebell/main.go:75	Shutdown Server...
2022-12-19 19:59:48	info	bluebell/main.go:83	Server exiting...
2022-12-19 19:59:55	error	mysql/user.go:73	LoginInfo is not compared
2022-12-19 19:59:55	error	logger/logger.go:153	[Recovery from panic]	{"error": "invalid WriteHeader code 10007", "request": "POST /user/login?username=zhangsan&password=12345 HTTP/1.1\r\nHost: localhost:4399\r\nAccept: */*\r\nAccept-Encoding: gzip, deflate, br\r\nCache-Control: no-cache\r\nConnection: keep-alive\r\nContent-Length: 0\r\nPostman-Token: a834cf59-722d-444c-8a4b-9c9e31a85628\r\nUser-Agent: PostmanRuntime/7.29.0\r\n\r\n", "stack": "goroutine 22 [running]:\nruntime/debug.Stack()\n\tC:/Environment/Go/src/runtime/debug/stack.go:24 +0x65\nbluebell/logger.GinRecovery.func1.1()\n\tC:/Users/18446/GolandProjects/project/bluebell/logger/logger.go:156 +0x2da\npanic({0x996720, 0xc00005e980})\n\tC:/Environment/Go/src/runtime/panic.go:884 +0x212\nnet/http.checkWriteHeaderCode(...)\n\tC:/Environment/Go/src/net/http/server.go:1116\nnet/http.(*response).WriteHeader(0xc0000e00e0, 0x2717)\n\tC:/Environment/Go/src/net/http/server.go:1150 +0x9db\ngithub.com/gin-gonic/gin.(*responseWriter).WriteHeaderNow(...)\n\tC:/Environment/Go/go_work/pkg/mod/github.com/gin-gonic/gin@v1.8.1/response_writer.go:72\ngithub.com/gin-gonic/gin.(*responseWriter).Write(0xc0005a2000, {0xc0005b0e40?, 0x2e?, 0x30?})\n\tC:/Environment/Go/go_work/pkg/mod/github.com/gin-gonic/gin@v1.8.1/response_writer.go:77 +0x54\ngithub.com/gin-gonic/gin/render.WriteJSON({0x276d160d358, 0xc0005a2000}, {0x9e7020, 0xc0004029f0})\n\tC:/Environment/Go/go_work/pkg/mod/github.com/gin-gonic/gin@v1.8.1/render/json.go:75 +0x91\ngithub.com/gin-gonic/gin/render.JSON.Render(...)\n\tC:/Environment/Go/go_work/pkg/mod/github.com/gin-gonic/gin@v1.8.1/render/json.go:57\ngithub.com/gin-gonic/gin.(*Context).Render(0xc0005a2000, 0x2717, {0xb364f8, 0xc00005e880})\n\tC:/Environment/Go/go_work/pkg/mod/github.com/gin-gonic/gin@v1.8.1/context.go:910 +0xf8\ngithub.com/gin-gonic/gin.(*Context).JSON(...)\n\tC:/Environment/Go/go_work/pkg/mod/github.com/gin-gonic/gin@v1.8.1/context.go:953\nbluebell/api.UserLogin(0xa5191a?)\n\tC:/Users/18446/GolandProjects/project/bluebell/api/user.go:44 +0x3c5\ngithub.com/gin-gonic/gin.(*Context).Next(...)\n\tC:/Environment/Go/go_work/pkg/mod/github.com/gin-gonic/gin@v1.8.1/context.go:173\nbluebell/logger.GinRecovery.func1(0xc0005a2000)\n\tC:/Users/18446/GolandProjects/project/bluebell/logger/logger.go:167 +0x76\ngithub.com/gin-gonic/gin.(*Context).Next(...)\n\tC:/Environment/Go/go_work/pkg/mod/github.com/gin-gonic/gin@v1.8.1/context.go:173\nbluebell/logger.GinLogger.func1(0xc0005a2000)\n\tC:/Users/18446/GolandProjects/project/bluebell/logger/logger.go:110 +0xa2\ngithub.com/gin-gonic/gin.(*Context).Next(...)\n\tC:/Environment/Go/go_work/pkg/mod/github.com/gin-gonic/gin@v1.8.1/context.go:173\ngithub.com/gin-gonic/gin.(*Engine).handleHTTPRequest(0xc000418820, 0xc0005a2000)\n\tC:/Environment/Go/go_work/pkg/mod/github.com/gin-gonic/gin@v1.8.1/gin.go:616 +0x671\ngithub.com/gin-gonic/gin.(*Engine).ServeHTTP(0xc000418820, {0xb36be8?, 0xc0000e00e0}, 0xc000414100)\n\tC:/Environment/Go/go_work/pkg/mod/github.com/gin-gonic/gin@v1.8.1/gin.go:572 +0x1dd\nnet/http.serverHandler.ServeHTTP({0xc0000e8a20?}, {0xb36be8, 0xc0000e00e0}, 0xc000414100)\n\tC:/Environment/Go/src/net/http/server.go:2947 +0x30c\nnet/http.(*conn).serve(0xc00009e000, {0xb37480, 0xc000402690})\n\tC:/Environment/Go/src/net/http/server.go:1991 +0x607\ncreated by net/http.(*Server).Serve\n\tC:/Environment/Go/src/net/http/server.go:3102 +0x4db\n"}
2022-12-19 19:59:55	debug	logger/logger.go:113	/user/login	{"status": 500, "Method": "POST", "query": "username=zhangsan&password=12345", "ip": "::1", "user-agent": "PostmanRuntime/7.29.0", "error": "", "cost": 0.0123563}
2022-12-19 20:02:22	debug	logger/logger.go:113	/user/login	{"status": 200, "Method": "POST", "query": "username=zhangsan&password=123456", "ip": "::1", "user-agent": "PostmanRuntime/7.29.0", "error": "", "cost": 0.0010109}
2022-12-19 21:45:22	info	bluebell/main.go:75	Shutdown Server...
2022-12-19 21:45:22	info	bluebell/main.go:83	Server exiting...
2022-12-19 22:19:44	error	mysql/user.go:69	LoginInfo is not compared	{"用户: ": "zhangsan", "error": "用户密码不匹配"}
2022-12-19 22:19:44	debug	logger/logger.go:113	/user/login	{"status": 503, "Method": "POST", "query": "username=zhangsan&password=12345", "ip": "::1", "user-agent": "PostmanRuntime/7.29.0", "error": "", "cost": 0.0092647}
2022-12-19 22:20:25	debug	logger/logger.go:113	/user/login	{"status": 200, "Method": "POST", "query": "username=zhangsan&password=123456", "ip": "::1", "user-agent": "PostmanRuntime/7.29.0", "error": "", "cost": 0.0004342}
2022-12-19 22:20:49	error	api/user.go:18	register params is not illegal	{"error": "Key: 'RegisterService.password' Error:Field validation for 'password' failed on the 'required' tag\nKey: 'RegisterService.re_password' Error:Field validation for 're_password' failed on the 'eqfield' tag\nKey: 'RegisterService.re_password' Error:Field validation for 're_password' failed on the 'eqfield' tag"}
2022-12-19 22:20:49	debug	logger/logger.go:113	/user/register	{"status": 500, "Method": "POST", "query": "username=zhangsan&password=&re_password=123456&email=154646@qq.com&gender=1", "ip": "::1", "user-agent": "PostmanRuntime/7.29.0", "error": "", "cost": 0.0005806}
2022-12-19 22:27:03	info	bluebell/main.go:75	Shutdown Server...
2022-12-19 22:27:03	info	bluebell/main.go:83	Server exiting...
2022-12-25 20:23:25	error	redis/init.go:22	redis ping is fail	{"error": "dial tcp 192.168.214.100:6379: i/o timeout"}
2022-12-25 20:23:25	error	bluebell/main.go:42	init redis fail!	{"error": "dial tcp 192.168.214.100:6379: i/o timeout"}
2022-12-25 20:24:34	error	mysql/user.go:64	CheckLoginInfo db get failed	{"error": "scannable dest type ptr with >1 columns (3) in result"}
2022-12-25 20:24:34	debug	logger/logger.go:113	/user/login	{"status": 503, "Method": "POST", "query": "username=zhangsan&password=123456", "ip": "::1", "user-agent": "PostmanRuntime/7.29.0", "error": "", "cost": 0.0117782}
2022-12-25 20:36:15	info	bluebell/main.go:75	Shutdown Server...
2022-12-25 20:36:15	info	bluebell/main.go:83	Server exiting...
2022-12-25 20:36:21	error	mysql/user.go:64	CheckLoginInfo db get failed	{"error": "scannable dest type ptr with >1 columns (8) in result"}
2022-12-25 20:36:21	debug	logger/logger.go:113	/user/login	{"status": 503, "Method": "POST", "query": "username=zhangsan&password=123456", "ip": "::1", "user-agent": "PostmanRuntime/7.29.0", "error": "", "cost": 0.0071836}
2022-12-25 20:37:01	info	bluebell/main.go:75	Shutdown Server...
2022-12-25 20:37:01	info	bluebell/main.go:83	Server exiting...
2022-12-25 20:37:06	error	mysql/user.go:69	LoginInfo is not compared	{"用户: ": "zhangsan", "error": "用户密码不匹配"}
2022-12-25 20:37:06	debug	logger/logger.go:113	/user/login	{"status": 503, "Method": "POST", "query": "username=zhangsan&password=123456", "ip": "::1", "user-agent": "PostmanRuntime/7.29.0", "error": "", "cost": 0.0083508}
2022-12-25 20:38:38	info	bluebell/main.go:75	Shutdown Server...
2022-12-25 20:38:38	info	bluebell/main.go:83	Server exiting...
2022-12-25 20:38:44	error	mysql/user.go:69	LoginInfo is not compared	{"用户: ": "zhangsan", "error": "用户密码不匹配"}
2022-12-25 20:38:44	debug	logger/logger.go:113	/user/login	{"status": 503, "Method": "POST", "query": "username=zhangsan&password=123456", "ip": "::1", "user-agent": "PostmanRuntime/7.29.0", "error": "", "cost": 0.007269}
2022-12-25 20:41:23	info	bluebell/main.go:75	Shutdown Server...
2022-12-25 20:41:23	info	bluebell/main.go:83	Server exiting...
2022-12-25 20:43:06	debug	logger/logger.go:113	/user/login	{"status": 200, "Method": "POST", "query": "username=zhangsan&password=123456", "ip": "::1", "user-agent": "PostmanRuntime/7.29.0", "error": "", "cost": 0.0006644}
2022-12-25 20:47:55	debug	logger/logger.go:113	/index	{"status": 503, "Method": "GET", "query": "", "ip": "::1", "user-agent": "PostmanRuntime/7.29.0", "error": "", "cost": 0.0006973}
2022-12-25 20:49:41	debug	logger/logger.go:113	/index	{"status": 503, "Method": "GET", "query": "", "ip": "::1", "user-agent": "PostmanRuntime/7.29.0", "error": "", "cost": 0}
2022-12-25 20:50:13	debug	logger/logger.go:113	/index	{"status": 503, "Method": "GET", "query": "", "ip": "::1", "user-agent": "PostmanRuntime/7.29.0", "error": "", "cost": 0}
2022-12-25 20:52:39	debug	logger/logger.go:113	/	{"status": 200, "Method": "GET", "query": "", "ip": "::1", "user-agent": "PostmanRuntime/7.29.0", "error": "", "cost": 0}
2022-12-25 20:52:39	debug	logger/logger.go:113	/index	{"status": 200, "Method": "GET", "query": "", "ip": "::1", "user-agent": "PostmanRuntime/7.29.0", "error": "", "cost": 0.0013363}
2022-12-25 22:21:25	info	bluebell/main.go:75	Shutdown Server...
2022-12-25 22:21:25	info	bluebell/main.go:83	Server exiting...
2022-12-26 18:19:20	debug	logger/logger.go:113	/user/login	{"status": 200, "Method": "POST", "query": "username=zhangsan&password=123456", "ip": "::1", "user-agent": "PostmanRuntime/7.29.0", "error": "", "cost": 0.0316517}
2022-12-26 18:19:40	debug	logger/logger.go:113	/	{"status": 200, "Method": "GET", "query": "", "ip": "::1", "user-agent": "PostmanRuntime/7.29.0", "error": "", "cost": 0}
2022-12-26 18:19:40	debug	logger/logger.go:113	/index	{"status": 200, "Method": "GET", "query": "", "ip": "::1", "user-agent": "PostmanRuntime/7.29.0", "error": "", "cost": 0.0012582}
2022-12-26 18:21:05	debug	logger/logger.go:113	/user/login	{"status": 200, "Method": "POST", "query": "username=zhangsan&password=123456", "ip": "::1", "user-agent": "PostmanRuntime/7.29.0", "error": "", "cost": 0.0012204}
2022-12-26 18:21:17	debug	logger/logger.go:113	/	{"status": 200, "Method": "GET", "query": "", "ip": "::1", "user-agent": "PostmanRuntime/7.29.0", "error": "", "cost": 0}
2022-12-26 18:21:17	debug	logger/logger.go:113	/index	{"status": 200, "Method": "GET", "query": "", "ip": "::1", "user-agent": "PostmanRuntime/7.29.0", "error": "", "cost": 0.0014021}
2022-12-26 18:21:30	debug	logger/logger.go:113	/user/login	{"status": 200, "Method": "POST", "query": "username=zhangsan&password=123456", "ip": "::1", "user-agent": "PostmanRuntime/7.29.0", "error": "", "cost": 0.0007333}
2022-12-26 18:21:44	debug	logger/logger.go:113	/index	{"status": 401, "Method": "GET", "query": "", "ip": "::1", "user-agent": "PostmanRuntime/7.29.0", "error": "", "cost": 0}
2022-12-26 18:33:21	info	bluebell/main.go:75	Shutdown Server...
2022-12-26 18:33:21	info	bluebell/main.go:83	Server exiting...
2022-12-27 19:32:56	error	redis/init.go:22	redis ping is fail	{"error": "dial tcp 192.168.214.100:6379: i/o timeout"}
2022-12-27 19:32:56	error	bluebell/main.go:42	init redis fail!	{"error": "dial tcp 192.168.214.100:6379: i/o timeout"}
2022-12-27 19:33:41	debug	logger/logger.go:113	/api/v1/community	{"status": 503, "Method": "GET", "query": "", "ip": "::1", "user-agent": "PostmanRuntime/7.29.0", "error": "", "cost": 0}
2022-12-27 19:33:52	debug	logger/logger.go:113	/api/v1/login	{"status": 200, "Method": "POST", "query": "username=zhangsan&password=123456", "ip": "::1", "user-agent": "PostmanRuntime/7.29.0", "error": "", "cost": 0.0122232}
2022-12-27 19:34:14	error	api/community.go:15	CommunityList select data is failed	{"error": "Error 1146 (42S02): Table 'go_db.community' doesn't exist"}
2022-12-27 19:34:14	debug	logger/logger.go:113	/api/v1/community	{"status": 503, "Method": "GET", "query": "", "ip": "::1", "user-agent": "PostmanRuntime/7.29.0", "error": "", "cost": 0.0012851}
2022-12-27 19:35:31	info	bluebell/main.go:75	Shutdown Server...
2022-12-27 19:35:31	info	bluebell/main.go:83	Server exiting...
2022-12-27 19:35:48	error	api/community.go:15	CommunityList select data is failed	{"error": "must pass a pointer, not a value, to StructScan destination"}
2022-12-27 19:35:48	debug	logger/logger.go:113	/api/v1/community	{"status": 503, "Method": "GET", "query": "", "ip": "::1", "user-agent": "PostmanRuntime/7.29.0", "error": "", "cost": 0.009066}
2022-12-27 19:37:09	info	bluebell/main.go:75	Shutdown Server...
2022-12-27 19:37:09	info	bluebell/main.go:83	Server exiting...
2022-12-27 19:37:15	debug	logger/logger.go:113	/api/v1/community	{"status": 200, "Method": "GET", "query": "", "ip": "::1", "user-agent": "PostmanRuntime/7.29.0", "error": "", "cost": 0.0019773}
2022-12-27 20:13:34	info	bluebell/main.go:75	Shutdown Server...
2022-12-27 20:13:34	info	bluebell/main.go:83	Server exiting...
2022-12-27 20:13:43	debug	logger/logger.go:113	/api/v1/community	{"status": 200, "Method": "GET", "query": "", "ip": "::1", "user-agent": "PostmanRuntime/7.29.0", "error": "", "cost": 0.0013691}
2022-12-27 20:14:12	error	api/community.go:34	CommunityDetailById select data is failed	{"error": "sql: Scan error on column index 3, name \"create_time\": converting driver.Value type time.Time (\"2020-01-01 08:00:00 +0000 UTC\") to a int64: invalid syntax"}
2022-12-27 20:14:12	debug	logger/logger.go:113	/api/v1/community/2	{"status": 503, "Method": "GET", "query": "", "ip": "::1", "user-agent": "PostmanRuntime/7.29.0", "error": "", "cost": 0.0020278}
2022-12-27 20:17:32	info	bluebell/main.go:75	Shutdown Server...
2022-12-27 20:17:32	info	bluebell/main.go:83	Server exiting...
2022-12-27 20:17:40	debug	logger/logger.go:113	/api/v1/community/2	{"status": 200, "Method": "GET", "query": "", "ip": "::1", "user-agent": "PostmanRuntime/7.29.0", "error": "", "cost": 0.002095}
2022-12-27 20:18:48	error	mysql/community.go:31	GetCommunityDetail is null data	{"error": "sql: no rows in result set"}
2022-12-27 20:18:48	error	api/community.go:34	CommunityDetailById select data is failed	{"error": "无效的参数"}
2022-12-27 20:18:48	debug	logger/logger.go:113	/api/v1/community/5	{"status": 503, "Method": "GET", "query": "", "ip": "::1", "user-agent": "PostmanRuntime/7.29.0", "error": "", "cost": 0.0013721}
2022-12-27 21:31:43	info	bluebell/main.go:75	Shutdown Server...
2022-12-27 21:31:43	info	bluebell/main.go:83	Server exiting...
2022-12-27 21:34:13	debug	logger/logger.go:113	/api/v1/post	{"status": 503, "Method": "POST", "query": "community_id=2&title=%E6%88%91%E7%88%B1%E5%AD%A6%E4%B9%A0&content=%E5%88%B7%E9%A2%98%E6%98%AF%E4%B8%80%E4%B8%AA%E6%88%90%E9%95%BF%E7%9A%84%E8%BF%87%E7%A8%8B%EF%BC%8C%E6%88%91%E4%B8%80%E5%AE%9A%E4%BC%9A%E8%B6%8A%E6%9D%A5%E8%B6%8A%E5%BC%BA%EF%BC%81", "ip": "::1", "user-agent": "PostmanRuntime/7.29.0", "error": "", "cost": 0.000515}
2022-12-27 21:35:01	debug	logger/logger.go:113	/api/v1/login	{"status": 200, "Method": "POST", "query": "username=zhangsan&password=123456", "ip": "::1", "user-agent": "PostmanRuntime/7.29.0", "error": "", "cost": 0.0017283}
2022-12-27 21:35:24	error	api/post.go:37	publish post is failed	{"error": "Error 1136 (21S01): Column count doesn't match value count at row 1"}
2022-12-27 21:35:24	debug	logger/logger.go:113	/api/v1/post	{"status": 503, "Method": "POST", "query": "community_id=2&title=%E6%88%91%E7%88%B1%E5%AD%A6%E4%B9%A0&content=%E5%88%B7%E9%A2%98%E6%98%AF%E4%B8%80%E4%B8%AA%E6%88%90%E9%95%BF%E7%9A%84%E8%BF%87%E7%A8%8B%EF%BC%8C%E6%88%91%E4%B8%80%E5%AE%9A%E4%BC%9A%E8%B6%8A%E6%9D%A5%E8%B6%8A%E5%BC%BA%EF%BC%81", "ip": "::1", "user-agent": "PostmanRuntime/7.29.0", "error": "", "cost": 0.0026879}
2022-12-27 21:36:44	info	bluebell/main.go:75	Shutdown Server...
2022-12-27 21:36:44	info	bluebell/main.go:83	Server exiting...
2022-12-27 21:36:49	debug	logger/logger.go:113	/api/v1/post	{"status": 200, "Method": "POST", "query": "community_id=2&title=%E6%88%91%E7%88%B1%E5%AD%A6%E4%B9%A0&content=%E5%88%B7%E9%A2%98%E6%98%AF%E4%B8%80%E4%B8%AA%E6%88%90%E9%95%BF%E7%9A%84%E8%BF%87%E7%A8%8B%EF%BC%8C%E6%88%91%E4%B8%80%E5%AE%9A%E4%BC%9A%E8%B6%8A%E6%9D%A5%E8%B6%8A%E5%BC%BA%EF%BC%81", "ip": "::1", "user-agent": "PostmanRuntime/7.29.0", "error": "", "cost": 0.0090415}
2022-12-27 21:59:06	info	bluebell/main.go:75	Shutdown Server...
2022-12-27 21:59:06	info	bluebell/main.go:83	Server exiting...
2022-12-27 22:36:25	error	api/post.go:56	PostDetailById select data is failed	{"error": "scannable dest type ptr with >1 columns (6) in result"}
2022-12-27 22:36:25	debug	logger/logger.go:113	/api/v1/post/1	{"status": 503, "Method": "GET", "query": "", "ip": "::1", "user-agent": "PostmanRuntime/7.29.0", "error": "", "cost": 0.0078578}
2022-12-27 22:40:17	info	bluebell/main.go:75	Shutdown Server...
2022-12-27 22:40:17	info	bluebell/main.go:83	Server exiting...
2022-12-27 22:40:24	error	api/post.go:56	PostDetailById select data is failed	{"error": "nil pointer passed to StructScan destination"}
2022-12-27 22:40:24	debug	logger/logger.go:113	/api/v1/post/1	{"status": 503, "Method": "GET", "query": "", "ip": "::1", "user-agent": "PostmanRuntime/7.29.0", "error": "", "cost": 0.0088069}
2022-12-27 22:41:56	info	bluebell/main.go:75	Shutdown Server...
2022-12-27 22:41:56	info	bluebell/main.go:83	Server exiting...
2022-12-27 22:42:08	error	mysql/post.go:34	getPostDetail data is null	{"error": "sql: no rows in result set"}
2022-12-27 22:42:08	error	api/post.go:56	PostDetailById select data is failed	{"error": "无效的参数"}
2022-12-27 22:42:08	debug	logger/logger.go:113	/api/v1/post/1	{"status": 503, "Method": "GET", "query": "", "ip": "::1", "user-agent": "PostmanRuntime/7.29.0", "error": "", "cost": 0.0082635}
2022-12-27 22:44:36	info	bluebell/main.go:75	Shutdown Server...
2022-12-27 22:44:36	info	bluebell/main.go:83	Server exiting...
2022-12-27 22:44:44	debug	logger/logger.go:113	/api/v1/post/1	{"status": 200, "Method": "GET", "query": "", "ip": "::1", "user-agent": "PostmanRuntime/7.29.0", "error": "", "cost": 0.0016488}
2022-12-27 22:45:45	info	bluebell/main.go:75	Shutdown Server...
2022-12-27 22:45:45	info	bluebell/main.go:83	Server exiting...
2022-12-27 22:45:50	debug	logger/logger.go:113	/api/v1/post/1	{"status": 200, "Method": "GET", "query": "", "ip": "::1", "user-agent": "PostmanRuntime/7.29.0", "error": "", "cost": 0.0019514}
2022-12-27 22:51:18	info	bluebell/main.go:75	Shutdown Server...
2022-12-27 22:51:18	info	bluebell/main.go:83	Server exiting...
2022-12-28 17:33:51	debug	logger/logger.go:113	/api/v1/login	{"status": 200, "Method": "POST", "query": "username=zhangsan&password=123456", "ip": "::1", "user-agent": "PostmanRuntime/7.29.0", "error": "", "cost": 0.0045469}
2022-12-28 17:34:43	error	logger/logger.go:153	[Recovery from panic]	{"error": "runtime error: invalid memory address or nil pointer dereference", "request": "GET /api/v1/post/-1243992029130752 HTTP/1.1\r\nHost: localhost:4399\r\nAccept: */*\r\nAccept-Encoding: gzip, deflate, br\r\nAuthorization: Bearer eyJhbGciOiJIUzI1NiIsInR5cCI6IkpXVCJ9.eyJ1c2VyX2lkIjotNDQ5NTcxMjI2Mzg2MDIyNCwidXNlcm5hbWUiOiJ6aGFuZ3NhbiIsImlzcyI6ImJsdWViZWxsIiwiZXhwIjoxNjcyMjQxNjMxLCJuYmYiOjE2NzIyMjAwMzAsImlhdCI6MTY3MjIyMDAzMX0.5AbiZns8Vg-drkCGy7lv5jzxfFrmw9Ev2HZ-4mvltHY\r\nCache-Control: no-cache\r\nConnection: keep-alive\r\nPostman-Token: 30aa4986-9c49-451d-966b-18cfd6d95274\r\nUser-Agent: PostmanRuntime/7.29.0\r\n\r\n", "stack": "goroutine 7 [running]:\nruntime/debug.Stack()\n\tC:/Environment/Go/src/runtime/debug/stack.go:24 +0x65\nbluebell/logger.GinRecovery.func1.1()\n\tC:/Users/18446/GolandProjects/project/bluebell/logger/logger.go:156 +0x2da\npanic({0x7e96e0, 0xc7cd30})\n\tC:/Environment/Go/src/runtime/panic.go:884 +0x212\nbluebell/api.PostDetailHandler(0xc0004d2100)\n\tC:/Users/18446/GolandProjects/project/bluebell/api/post.go:54 +0x215\ngithub.com/gin-gonic/gin.(*Context).Next(...)\n\tC:/Environment/Go/go_work/pkg/mod/github.com/gin-gonic/gin@v1.8.1/context.go:173\nbluebell/middleware.JWTAuthMiddleware.func1(0xc0004d2100)\n\tC:/Users/18446/GolandProjects/project/bluebell/middleware/auth.go:54 +0x1f6\ngithub.com/gin-gonic/gin.(*Context).Next(...)\n\tC:/Environment/Go/go_work/pkg/mod/github.com/gin-gonic/gin@v1.8.1/context.go:173\nbluebell/logger.GinRecovery.func1(0xc0004d2100)\n\tC:/Users/18446/GolandProjects/project/bluebell/logger/logger.go:167 +0x76\ngithub.com/gin-gonic/gin.(*Context).Next(...)\n\tC:/Environment/Go/go_work/pkg/mod/github.com/gin-gonic/gin@v1.8.1/context.go:173\nbluebell/logger.GinLogger.func1(0xc0004d2100)\n\tC:/Users/18446/GolandProjects/project/bluebell/logger/logger.go:110 +0xa2\ngithub.com/gin-gonic/gin.(*Context).Next(...)\n\tC:/Environment/Go/go_work/pkg/mod/github.com/gin-gonic/gin@v1.8.1/context.go:173\ngithub.com/gin-gonic/gin.(*Engine).handleHTTPRequest(0xc000353520, 0xc0004d2100)\n\tC:/Environment/Go/go_work/pkg/mod/github.com/gin-gonic/gin@v1.8.1/gin.go:616 +0x671\ngithub.com/gin-gonic/gin.(*Engine).ServeHTTP(0xc000353520, {0x96d688?, 0xc0001541c0}, 0xc0004d2300)\n\tC:/Environment/Go/go_work/pkg/mod/github.com/gin-gonic/gin@v1.8.1/gin.go:572 +0x1dd\nnet/http.serverHandler.ServeHTTP({0xc0000888a0?}, {0x96d688, 0xc0001541c0}, 0xc0004d2300)\n\tC:/Environment/Go/src/net/http/server.go:2947 +0x30c\nnet/http.(*conn).serve(0xc0005101e0, {0x96df20, 0xc0000887b0})\n\tC:/Environment/Go/src/net/http/server.go:1991 +0x607\ncreated by net/http.(*Server).Serve\n\tC:/Environment/Go/src/net/http/server.go:3102 +0x4db\n"}
2022-12-28 17:34:43	debug	logger/logger.go:113	/api/v1/post/-1243992029130752	{"status": 500, "Method": "GET", "query": "", "ip": "::1", "user-agent": "PostmanRuntime/7.29.0", "error": "", "cost": 0.002405}
2022-12-28 17:36:38	info	bluebell/main.go:75	Shutdown Server...
2022-12-28 17:36:38	info	bluebell/main.go:83	Server exiting...
2022-12-28 17:36:44	error	logger/logger.go:153	[Recovery from panic]	{"error": "runtime error: invalid memory address or nil pointer dereference", "request": "GET /api/v1/post/-1243992029130752 HTTP/1.1\r\nHost: localhost:4399\r\nAccept: */*\r\nAccept-Encoding: gzip, deflate, br\r\nAuthorization: Bearer eyJhbGciOiJIUzI1NiIsInR5cCI6IkpXVCJ9.eyJ1c2VyX2lkIjotNDQ5NTcxMjI2Mzg2MDIyNCwidXNlcm5hbWUiOiJ6aGFuZ3NhbiIsImlzcyI6ImJsdWViZWxsIiwiZXhwIjoxNjcyMjQxNjMxLCJuYmYiOjE2NzIyMjAwMzAsImlhdCI6MTY3MjIyMDAzMX0.5AbiZns8Vg-drkCGy7lv5jzxfFrmw9Ev2HZ-4mvltHY\r\nCache-Control: no-cache\r\nConnection: keep-alive\r\nPostman-Token: ff233a7e-3700-4816-bbe5-bd666371f8b4\r\nUser-Agent: PostmanRuntime/7.29.0\r\n\r\n", "stack": "goroutine 38 [running]:\nruntime/debug.Stack()\n\tC:/Environment/Go/src/runtime/debug/stack.go:24 +0x65\nbluebell/logger.GinRecovery.func1.1()\n\tC:/Users/18446/GolandProjects/project/bluebell/logger/logger.go:156 +0x2da\npanic({0x13a96a0, 0x183cd30})\n\tC:/Environment/Go/src/runtime/panic.go:884 +0x212\nbluebell/api.PostDetailHandler(0xc000112200)\n\tC:/Users/18446/GolandProjects/project/bluebell/api/post.go:54 +0x215\ngithub.com/gin-gonic/gin.(*Context).Next(...)\n\tC:/Environment/Go/go_work/pkg/mod/github.com/gin-gonic/gin@v1.8.1/context.go:173\nbluebell/middleware.JWTAuthMiddleware.func1(0xc000112200)\n\tC:/Users/18446/GolandProjects/project/bluebell/middleware/auth.go:54 +0x1f6\ngithub.com/gin-gonic/gin.(*Context).Next(...)\n\tC:/Environment/Go/go_work/pkg/mod/github.com/gin-gonic/gin@v1.8.1/context.go:173\nbluebell/logger.GinRecovery.func1(0xc000112200)\n\tC:/Users/18446/GolandProjects/project/bluebell/logger/logger.go:167 +0x76\ngithub.com/gin-gonic/gin.(*Context).Next(...)\n\tC:/Environment/Go/go_work/pkg/mod/github.com/gin-gonic/gin@v1.8.1/context.go:173\nbluebell/logger.GinLogger.func1(0xc000112200)\n\tC:/Users/18446/GolandProjects/project/bluebell/logger/logger.go:110 +0xa2\ngithub.com/gin-gonic/gin.(*Context).Next(...)\n\tC:/Environment/Go/go_work/pkg/mod/github.com/gin-gonic/gin@v1.8.1/context.go:173\ngithub.com/gin-gonic/gin.(*Engine).handleHTTPRequest(0xc00041b040, 0xc000112200)\n\tC:/Environment/Go/go_work/pkg/mod/github.com/gin-gonic/gin@v1.8.1/gin.go:616 +0x671\ngithub.com/gin-gonic/gin.(*Engine).ServeHTTP(0xc00041b040, {0x152d648?, 0xc00038a0e0}, 0xc000112100)\n\tC:/Environment/Go/go_work/pkg/mod/github.com/gin-gonic/gin@v1.8.1/gin.go:572 +0x1dd\nnet/http.serverHandler.ServeHTTP({0xc0003c9ce0?}, {0x152d648, 0xc00038a0e0}, 0xc000112100)\n\tC:/Environment/Go/src/net/http/server.go:2947 +0x30c\nnet/http.(*conn).serve(0xc000094000, {0x152dee0, 0xc0003c9bf0})\n\tC:/Environment/Go/src/net/http/server.go:1991 +0x607\ncreated by net/http.(*Server).Serve\n\tC:/Environment/Go/src/net/http/server.go:3102 +0x4db\n"}
2022-12-28 17:36:44	debug	logger/logger.go:113	/api/v1/post/-1243992029130752	{"status": 500, "Method": "GET", "query": "", "ip": "::1", "user-agent": "PostmanRuntime/7.29.0", "error": "", "cost": 0.0090517}
2022-12-28 17:38:47	info	bluebell/main.go:75	Shutdown Server...
2022-12-28 17:38:47	info	bluebell/main.go:83	Server exiting...
2022-12-28 17:38:53	debug	logger/logger.go:113	/api/v1/post/-1243992029130752	{"status": 200, "Method": "GET", "query": "", "ip": "::1", "user-agent": "PostmanRuntime/7.29.0", "error": "", "cost": 0.0066748}
2022-12-28 17:55:02	debug	logger/logger.go:113	/api/v1/post	{"status": 200, "Method": "POST", "query": "community_id=3&title=%E6%88%91%E6%98%AF%E4%B8%80%E4%B8%AA%E5%87%A1%E4%BA%BA&content=%E6%88%91%E5%8F%AB%E9%9F%A9%E7%AB%8B%EF%BC%8C%E6%88%91%E4%B8%8D%E6%98%AF%E9%9F%A9%E8%80%81%E9%AD%94%EF%BC%8C%E6%88%91%E6%98%AF%E9%9F%A9%E8%B7%91%E8%B7%91%EF%BC%81", "ip": "::1", "user-agent": "PostmanRuntime/7.29.0", "error": "", "cost": 0.0168463}
2022-12-28 17:55:18	debug	logger/logger.go:113	/api/v1/community/1	{"status": 200, "Method": "GET", "query": "", "ip": "::1", "user-agent": "PostmanRuntime/7.29.0", "error": "", "cost": 0.0015778}
2022-12-28 17:56:46	debug	logger/logger.go:113	/api/v1/post	{"status": 200, "Method": "POST", "query": "community_id=1&title=Go%E8%AF%AD%E8%A8%80%E5%BF%85%E7%9F%A5%E5%BF%85%E4%BC%9A&content=slice%E5%88%87%E7%89%87%EF%BC%8Cchannel%E7%AE%A1%E9%81%93%EF%BC%8Cgoroutine%E5%B9%B6%E5%8F%91%E7%AD%89%E7%AD%89...", "ip": "::1", "user-agent": "PostmanRuntime/7.29.0", "error": "", "cost": 0.0105041}
2022-12-28 17:58:12	info	bluebell/main.go:75	Shutdown Server...
2022-12-28 17:58:12	info	bluebell/main.go:83	Server exiting...
2022-12-28 18:26:17	debug	logger/logger.go:113	/api/v1/posts	{"status": 200, "Method": "GET", "query": "page=1&size=2", "ip": "::1", "user-agent": "PostmanRuntime/7.29.0", "error": "", "cost": 0.0025155}
2022-12-28 18:34:31	info	bluebell/main.go:75	Shutdown Server...
2022-12-28 18:34:31	info	bluebell/main.go:83	Server exiting...
2022-12-28 18:34:37	debug	logger/logger.go:113	/api/v1/posts	{"status": 200, "Method": "GET", "query": "page=1&size=2", "ip": "::1", "user-agent": "PostmanRuntime/7.29.0", "error": "", "cost": 0.0029628}
2022-12-28 18:35:24	debug	logger/logger.go:113	/api/v1/posts	{"status": 200, "Method": "GET", "query": "page=2&size=1", "ip": "::1", "user-agent": "PostmanRuntime/7.29.0", "error": "", "cost": 0.0024676}
2022-12-28 18:36:37	info	bluebell/main.go:75	Shutdown Server...
2022-12-28 18:36:37	info	bluebell/main.go:83	Server exiting...
2022-12-28 18:36:49	debug	logger/logger.go:113	/api/v1/posts	{"status": 200, "Method": "GET", "query": "page=2&size=1", "ip": "::1", "user-agent": "PostmanRuntime/7.29.0", "error": "", "cost": 0.0022043}
2022-12-28 18:37:12	info	bluebell/main.go:75	Shutdown Server...
2022-12-28 18:37:12	info	bluebell/main.go:83	Server exiting...
2022-12-29 22:57:02	debug	logger/logger.go:113	/api/v1/login	{"status": 200, "Method": "POST", "query": "username=zhangsan&password=123456", "ip": "::1", "user-agent": "PostmanRuntime/7.29.0", "error": "", "cost": 0.0168195}
2022-12-29 22:58:06	debug	logger/logger.go:113	/api/v1/post	{"status": 200, "Method": "POST", "query": "community_id=2&title=%E6%88%91%E9%9C%80%E8%A6%81%E7%9D%A1%E8%A7%89&content=%E6%88%91%E5%9C%A8%E7%9D%A1%E8%A7%89%E7%9A%84%E6%97%B6%E5%80%99%E4%B8%8D%E4%BC%9A%E7%9E%8C%E7%9D%A1%EF%BC%81%EF%BC%81%EF%BC%81", "ip": "::1", "user-agent": "PostmanRuntime/7.29.0", "error": "", "cost": 0.02276}
2022-12-29 23:04:01	debug	logger/logger.go:113	/api/v1/post/votes	{"status": 200, "Method": "POST", "query": "post_id=-498760719265792&direction=1", "ip": "::1", "user-agent": "PostmanRuntime/7.29.0", "error": "", "cost": 0.0057764}
2022-12-29 23:12:59	info	bluebell/main.go:75	Shutdown Server...
2022-12-29 23:12:59	info	bluebell/main.go:83	Server exiting...
2022-12-29 23:14:06	debug	logger/logger.go:113	/api/v1/post/votes	{"status": 200, "Method": "POST", "query": "post_id=-498760719265792&direction=1", "ip": "::1", "user-agent": "PostmanRuntime/7.29.0", "error": "", "cost": 53.0825506}
2022-12-29 23:24:17	debug	logger/logger.go:113	/api/v1/post/votes	{"status": 200, "Method": "POST", "query": "post_id=-498760719265792&direction=1", "ip": "::1", "user-agent": "PostmanRuntime/7.29.0", "error": "", "cost": 107.2659611}
2022-12-29 23:26:21	debug	logger/logger.go:113	/api/v1/post/votes	{"status": 200, "Method": "POST", "query": "post_id=-498760719265792&direction=1", "ip": "::1", "user-agent": "PostmanRuntime/7.29.0", "error": "", "cost": 0.0015346}
2022-12-29 23:30:19	debug	logger/logger.go:113	/api/v1/post/votes	{"status": 200, "Method": "POST", "query": "post_id=-498760719265792&direction=-1", "ip": "::1", "user-agent": "PostmanRuntime/7.29.0", "error": "", "cost": 0.0015852}
2022-12-29 23:32:10	info	bluebell/main.go:75	Shutdown Server...
2022-12-29 23:32:10	info	bluebell/main.go:83	Server exiting...
2022-12-30 18:16:43	debug	logger/logger.go:113	/api/v1/postsOrder	{"status": 404, "Method": "POST", "query": "page=2&size=1&order=time", "ip": "::1", "user-agent": "PostmanRuntime/7.29.0", "error": "", "cost": 0}
2022-12-30 18:17:21	debug	logger/logger.go:113	/api/v1/postsOrder	{"status": 503, "Method": "GET", "query": "page=2&size=1&order=time", "ip": "::1", "user-agent": "PostmanRuntime/7.29.0", "error": "", "cost": 0.0005876}
2022-12-30 18:17:52	debug	logger/logger.go:113	/api/v1/login	{"status": 200, "Method": "POST", "query": "username=zhangsan&password=123456", "ip": "::1", "user-agent": "PostmanRuntime/7.29.0", "error": "", "cost": 0.01343}
2022-12-30 18:18:06	warn	service/post.go:141	redis post data is null
2022-12-30 18:18:06	debug	logger/logger.go:113	/api/v1/postsOrder	{"status": 200, "Method": "GET", "query": "page=2&size=1&order=time", "ip": "::1", "user-agent": "PostmanRuntime/7.29.0", "error": "", "cost": 0.0013318}
2022-12-30 18:18:59	warn	service/post.go:141	redis post data is null
2022-12-30 18:18:59	debug	logger/logger.go:113	/api/v1/postsOrder	{"status": 200, "Method": "GET", "query": "page=1&size=2&order=time", "ip": "::1", "user-agent": "PostmanRuntime/7.29.0", "error": "", "cost": 0.0017393}
2022-12-30 18:25:03	info	bluebell/main.go:75	Shutdown Server...
2022-12-30 18:25:03	info	bluebell/main.go:83	Server exiting...
2022-12-30 18:25:11	error	service/post.go:146	GetPostListInOrder method is err	{"page": 1, "size": 2, "order": "time", "error": "Error 1065 (42000): Query was empty"}
2022-12-30 18:25:11	error	api/post.go:82	PostListInOrder select data is failed	{"error": "Error 1065 (42000): Query was empty"}
2022-12-30 18:25:11	debug	logger/logger.go:113	/api/v1/postsOrder	{"status": 503, "Method": "GET", "query": "page=1&size=2&order=time", "ip": "::1", "user-agent": "PostmanRuntime/7.29.0", "error": "", "cost": 0.0076476}
2022-12-30 18:27:40	info	bluebell/main.go:75	Shutdown Server...
2022-12-30 18:27:40	info	bluebell/main.go:83	Server exiting...
2022-12-30 18:27:45	debug	logger/logger.go:113	/api/v1/postsOrder	{"status": 200, "Method": "GET", "query": "page=1&size=2&order=time", "ip": "::1", "user-agent": "PostmanRuntime/7.29.0", "error": "", "cost": 0.0103792}
2022-12-30 18:28:44	debug	logger/logger.go:113	/api/v1/post	{"status": 200, "Method": "POST", "query": "community_id=2&title=%E5%87%86%E5%A4%87%E5%90%83%E9%A5%AD%EF%BC%8C%E5%90%83%E9%A5%AD%E7%AC%AC%E4%BA%8C&content=%E5%90%83%E9%A5%AD%E7%9A%84%E6%97%B6%E5%80%99%E8%A6%81%E7%9C%8B%E5%8A%A8%E6%BC%AB%E6%88%96%E8%80%85%E7%94%B5%E8%A7%86%E5%89%A7%EF%BC%8C%E5%9B%A0%E4%B8%BA%E5%BF%83%E6%83%85%E5%A5%BD%E5%90%83%E9%A5%AD%E5%B0%B1%E4%BC%9A%E6%9B%B4%E9%A6%99%EF%BC%81", "ip": "::1", "user-agent": "PostmanRuntime/7.29.0", "error": "", "cost": 0.0116279}
2022-12-30 18:28:48	debug	logger/logger.go:113	/api/v1/postsOrder	{"status": 200, "Method": "GET", "query": "page=1&size=2&order=time", "ip": "::1", "user-agent": "PostmanRuntime/7.29.0", "error": "", "cost": 0.0025631}
2022-12-30 18:29:40	info	bluebell/main.go:75	Shutdown Server...
2022-12-30 18:29:40	info	bluebell/main.go:83	Server exiting...
2022-12-30 20:42:57	debug	logger/logger.go:113	/api/v1/postsOrder	{"status": 200, "Method": "GET", "query": "page=1&size=2&order=time", "ip": "::1", "user-agent": "PostmanRuntime/7.29.0", "error": "", "cost": 0.0053836}
2022-12-30 20:43:51	debug	logger/logger.go:113	/api/v1/votes	{"status": 200, "Method": "POST", "query": "post_id=-498760719265792&direction=1", "ip": "::1", "user-agent": "PostmanRuntime/7.29.0", "error": "", "cost": 0.0016926}
2022-12-30 20:44:11	debug	logger/logger.go:113	/api/v1/postsOrder	{"status": 200, "Method": "GET", "query": "page=1&size=2&order=time", "ip": "::1", "user-agent": "PostmanRuntime/7.29.0", "error": "", "cost": 0.002715}
2022-12-30 20:47:39	info	bluebell/main.go:75	Shutdown Server...
2022-12-30 20:47:39	info	bluebell/main.go:83	Server exiting...
2022-12-30 20:47:45	debug	logger/logger.go:113	/api/v1/postsOrder	{"status": 200, "Method": "GET", "query": "page=1&size=2&order=time", "ip": "::1", "user-agent": "PostmanRuntime/7.29.0", "error": "", "cost": 0.0038738}
2022-12-30 20:48:16	debug	logger/logger.go:113	/api/v1/post/-498760719265792	{"status": 200, "Method": "GET", "query": "", "ip": "::1", "user-agent": "PostmanRuntime/7.29.0", "error": "", "cost": 0.0019715}
2022-12-30 20:48:52	debug	logger/logger.go:113	/api/v1/postsOrder	{"status": 200, "Method": "GET", "query": "page=1&size=2&order=score", "ip": "::1", "user-agent": "PostmanRuntime/7.29.0", "error": "", "cost": 0.0020267}
2022-12-30 23:04:29	info	bluebell/main.go:75	Shutdown Server...
2022-12-30 23:04:29	info	bluebell/main.go:83	Server exiting...
2022-12-30 23:06:22	debug	api/post.go:100	get param cid	{"cid": "2"}
2022-12-30 23:06:22	debug	logger/logger.go:113	/api/v1/community/2/posts	{"status": 200, "Method": "GET", "query": "page=1&size=2&order=score", "ip": "::1", "user-agent": "PostmanRuntime/7.29.0", "error": "", "cost": 0.0073808}
2022-12-30 23:06:44	info	bluebell/main.go:75	Shutdown Server...
2022-12-30 23:06:44	info	bluebell/main.go:83	Server exiting...
2022-12-30 23:38:34	warn	service/post.go:164	redis post data is null
2022-12-30 23:38:34	debug	logger/logger.go:113	/api/v1/community/2/posts	{"status": 200, "Method": "GET", "query": "page=1&size=2&order=score", "ip": "::1", "user-agent": "PostmanRuntime/7.29.0", "error": "", "cost": 0.0073158}
2022-12-30 23:40:26	debug	logger/logger.go:113	/api/v1/post	{"status": 200, "Method": "POST", "query": "community_id=2&title=%E5%87%86%E5%A4%87%E7%9D%A1%E8%A7%89%E5%95%8A&content=%E5%A6%82%E6%9E%9C%E4%B8%8D%E7%9D%A1%E8%A7%89%E5%B0%B1%E5%AE%8C%E8%9B%8B%E4%BA%86%EF%BC%8C%E7%8E%B0%E5%9C%A8%E9%83%BD%E4%BB%96%E5%A6%88%E7%9A%84%E5%8D%81%E4%B8%80%E7%82%B9%E5%9B%9B%E5%8D%81%E4%BA%86%EF%BC%81%EF%BC%81%EF%BC%81", "ip": "::1", "user-agent": "PostmanRuntime/7.29.0", "error": "", "cost": 0.0132033}
2022-12-30 23:41:15	debug	logger/logger.go:113	/api/v1/post	{"status": 200, "Method": "POST", "query": "community_id=2&title=%E6%89%BE%E4%B8%AA%E5%A5%B3%E6%9C%8B%E5%8F%8B%E5%90%A7%EF%BC%81&content=%E6%95%B4%E7%90%86%E5%A5%BD%E8%87%AA%E5%B7%B1%E6%89%BE%E4%B8%AA%E5%A5%B3%E6%9C%8B%E5%8F%8B%EF%BC%8C%E4%BB%8A%E5%B9%B4%E5%8F%88%E6%98%AF%E5%AD%A4%E7%8B%AC%E7%9A%84%E4%B8%80%E5%B9%B4%E5%95%8A%EF%BC%81", "ip": "::1", "user-agent": "PostmanRuntime/7.29.0", "error": "", "cost": 0.0079161}
2022-12-30 23:41:20	warn	service/post.go:164	redis post data is null
2022-12-30 23:41:20	debug	logger/logger.go:113	/api/v1/community/2/posts	{"status": 200, "Method": "GET", "query": "page=1&size=2&order=score", "ip": "::1", "user-agent": "PostmanRuntime/7.29.0", "error": "", "cost": 0.0022985}
2022-12-30 23:50:36	warn	service/post.go:164	redis post data is null
2022-12-30 23:50:36	debug	logger/logger.go:113	/api/v1/community/2/posts	{"status": 200, "Method": "GET", "query": "page=1&size=1&order=score", "ip": "::1", "user-agent": "PostmanRuntime/7.29.0", "error": "", "cost": 0.003045}
2022-12-30 23:52:09	info	bluebell/main.go:75	Shutdown Server...
2022-12-30 23:52:09	info	bluebell/main.go:83	Server exiting...
2022-12-30 23:52:15	warn	service/post.go:164	redis post data is null
2022-12-30 23:52:15	debug	logger/logger.go:113	/api/v1/community/2/posts	{"status": 200, "Method": "GET", "query": "page=1&size=1&order=score", "ip": "::1", "user-agent": "PostmanRuntime/7.29.0", "error": "", "cost": 0.0076445}
2022-12-30 23:53:50	warn	service/post.go:164	redis post data is null
2022-12-30 23:53:50	debug	logger/logger.go:113	/api/v1/community/2/posts	{"status": 200, "Method": "GET", "query": "page=1&size=1&order=score", "ip": "::1", "user-agent": "PostmanRuntime/7.29.0", "error": "", "cost": 0.0011935}
2022-12-30 23:55:56	info	bluebell/main.go:75	Shutdown Server...
2022-12-30 23:55:56	info	bluebell/main.go:83	Server exiting...
2022-12-30 23:56:03	debug	logger/logger.go:113	/api/v1/community/2/posts	{"status": 200, "Method": "GET", "query": "page=1&size=1&order=score", "ip": "::1", "user-agent": "PostmanRuntime/7.29.0", "error": "", "cost": 0.004209}
2022-12-30 23:56:13	debug	logger/logger.go:113	/api/v1/community/2/posts	{"status": 200, "Method": "GET", "query": "page=1&size=2&order=score", "ip": "::1", "user-agent": "PostmanRuntime/7.29.0", "error": "", "cost": 0.0027756}
2022-12-30 23:56:26	info	bluebell/main.go:75	Shutdown Server...
2022-12-30 23:56:26	info	bluebell/main.go:83	Server exiting...
